2019-06-22T04:07:56.169Z [D:\Projects\testtaskwebim\bin\www] [32minfo[39m: Server listening on port 3000
2019-06-22T04:58:41.214Z [D:\Projects\testtaskwebim\bin\www] [32minfo[39m: Server listening on port 3000
2019-06-22T05:36:01.570Z [D:\Projects\testtaskwebim\bin\www] [32minfo[39m: Server listening on port 3000
2019-06-22T05:36:02.625Z [D:\Projects\testtaskwebim\libs\mongoose.js] [32minfo[39m: MongoDB connected sucessfully
2019-06-22T05:42:19.228Z [D:\Projects\testtaskwebim\bin\www] [32minfo[39m: Server listening on port 3000
2019-06-22T05:42:20.272Z [D:\Projects\testtaskwebim\libs\mongoose.js] [32minfo[39m: MongoDB connected sucessfully
2019-06-22T05:43:08.252Z [D:\Projects\testtaskwebim\bin\www] [32minfo[39m: Server listening on port 3000
2019-06-22T05:43:09.295Z [D:\Projects\testtaskwebim\libs\mongoose.js] [32minfo[39m: MongoDB connected sucessfully
2019-06-22T05:52:39.567Z [D:\Projects\testtaskwebim\bin\www] [32minfo[39m: Server listening on port 3000
2019-06-22T05:52:40.612Z [D:\Projects\testtaskwebim\libs\mongoose.js] [32minfo[39m: MongoDB connected sucessfully
2019-06-22T05:53:31.410Z [D:\Projects\testtaskwebim\bin\www] [32minfo[39m: Server listening on port 3000
2019-06-22T05:53:32.454Z [D:\Projects\testtaskwebim\libs\mongoose.js] [32minfo[39m: MongoDB connected sucessfully
2019-06-22T05:54:06.262Z [D:\Projects\testtaskwebim\bin\www] [32minfo[39m: Server listening on port 3000
2019-06-22T05:54:07.306Z [D:\Projects\testtaskwebim\libs\mongoose.js] [32minfo[39m: MongoDB connected sucessfully
2019-06-22T17:06:33.038Z [D:\Projects\testtaskwebim\bin\www] [32minfo[39m: Server listening on port 3000
2019-06-22T17:06:34.082Z [D:\Projects\testtaskwebim\libs\mongoose.js] [32minfo[39m: MongoDB connected sucessfully
2019-06-23T08:47:06.494Z [D:\Projects\testtaskwebim\bin\www] [32minfo[39m: Server listening on port 3000
2019-06-23T08:47:07.538Z [D:\Projects\testtaskwebim\libs\mongoose.js] [32minfo[39m: MongoDB connected sucessfully
2019-06-23T08:47:23.835Z [D:\Projects\testtaskwebim\bin\www] [32minfo[39m: Server listening on port 3000
2019-06-23T08:47:24.891Z [D:\Projects\testtaskwebim\libs\mongoose.js] [32minfo[39m: MongoDB connected sucessfully
2019-06-23T08:50:14.827Z [D:\Projects\testtaskwebim\bin\www] [32minfo[39m: Server listening on port 3000
2019-06-23T08:50:15.871Z [D:\Projects\testtaskwebim\libs\mongoose.js] [32minfo[39m: MongoDB connected sucessfully
2019-06-23T09:18:57.099Z [D:\Projects\testtaskwebim\bin\www] [32minfo[39m: Server listening on port 3000
2019-06-23T09:18:58.148Z [D:\Projects\testtaskwebim\libs\mongoose.js] [32minfo[39m: MongoDB connected sucessfully
2019-06-23T09:30:56.326Z [D:\Projects\testtaskwebim\bin\www] [32minfo[39m: Server listening on port 3000
2019-06-23T09:30:57.369Z [D:\Projects\testtaskwebim\libs\mongoose.js] [32minfo[39m: MongoDB connected sucessfully
2019-06-23T09:31:10.848Z [D:\Projects\testtaskwebim\bin\www] [32minfo[39m: Server listening on port 3000
2019-06-23T09:31:11.891Z [D:\Projects\testtaskwebim\libs\mongoose.js] [32minfo[39m: MongoDB connected sucessfully
2019-06-24T10:03:40.563Z [D:\Projects\testtaskwebim\bin\www] [32minfo[39m: Server listening on port 3000
2019-06-24T10:03:41.607Z [D:\Projects\testtaskwebim\libs\mongoose.js] [32minfo[39m: MongoDB connected sucessfully
2019-06-24T13:04:24.217Z [D:\Projects\testtaskwebim\libs\mongoose.js] [31merror[39m: uncaughtException: Cannot find module './home'
Error: Cannot find module './home'
    at Function.Module._resolveFilename (internal/modules/cjs/loader.js:581:15)
    at Function.Module._load (internal/modules/cjs/loader.js:507:25)
    at Module.require (internal/modules/cjs/loader.js:637:17)
    at require (internal/modules/cjs/helpers.js:22:18)
    at module.exports (D:\Projects\testtaskwebim\routes\index.js:2:3)
    at Object.<anonymous> (D:\Projects\testtaskwebim\app.js:38:26)
    at Module._compile (internal/modules/cjs/loader.js:689:30)
    at Object.Module._extensions..js (internal/modules/cjs/loader.js:700:10)
    at Module.load (internal/modules/cjs/loader.js:599:32)
    at tryModuleLoad (internal/modules/cjs/loader.js:538:12)
    at Function.Module._load (internal/modules/cjs/loader.js:530:3)
    at Module.require (internal/modules/cjs/loader.js:637:17)
    at require (internal/modules/cjs/helpers.js:22:18)
    at Object.<anonymous> (D:\Projects\testtaskwebim\bin\www:1:73)
    at Module._compile (internal/modules/cjs/loader.js:689:30)
    at Object.Module._extensions..js (internal/modules/cjs/loader.js:700:10)
2019-06-24T13:05:08.207Z [D:\Projects\testtaskwebim\libs\mongoose.js] [31merror[39m: uncaughtException: Cannot find module './home'
Error: Cannot find module './home'
    at Function.Module._resolveFilename (internal/modules/cjs/loader.js:581:15)
    at Function.Module._load (internal/modules/cjs/loader.js:507:25)
    at Module.require (internal/modules/cjs/loader.js:637:17)
    at require (internal/modules/cjs/helpers.js:22:18)
    at module.exports (D:\Projects\testtaskwebim\routes\index.js:2:3)
    at Object.<anonymous> (D:\Projects\testtaskwebim\app.js:38:26)
    at Module._compile (internal/modules/cjs/loader.js:689:30)
    at Object.Module._extensions..js (internal/modules/cjs/loader.js:700:10)
    at Module.load (internal/modules/cjs/loader.js:599:32)
    at tryModuleLoad (internal/modules/cjs/loader.js:538:12)
    at Function.Module._load (internal/modules/cjs/loader.js:530:3)
    at Module.require (internal/modules/cjs/loader.js:637:17)
    at require (internal/modules/cjs/helpers.js:22:18)
    at Object.<anonymous> (D:\Projects\testtaskwebim\bin\www:1:73)
    at Module._compile (internal/modules/cjs/loader.js:689:30)
    at Object.Module._extensions..js (internal/modules/cjs/loader.js:700:10)
2019-06-24T13:05:28.766Z [D:\Projects\testtaskwebim\libs\mongoose.js] [31merror[39m: uncaughtException: Cannot find module './home'
Error: Cannot find module './home'
    at Function.Module._resolveFilename (internal/modules/cjs/loader.js:581:15)
    at Function.Module._load (internal/modules/cjs/loader.js:507:25)
    at Module.require (internal/modules/cjs/loader.js:637:17)
    at require (internal/modules/cjs/helpers.js:22:18)
    at module.exports (D:\Projects\testtaskwebim\routes\index.js:2:3)
    at Object.<anonymous> (D:\Projects\testtaskwebim\app.js:38:26)
    at Module._compile (internal/modules/cjs/loader.js:689:30)
    at Object.Module._extensions..js (internal/modules/cjs/loader.js:700:10)
    at Module.load (internal/modules/cjs/loader.js:599:32)
    at tryModuleLoad (internal/modules/cjs/loader.js:538:12)
    at Function.Module._load (internal/modules/cjs/loader.js:530:3)
    at Module.require (internal/modules/cjs/loader.js:637:17)
    at require (internal/modules/cjs/helpers.js:22:18)
    at Object.<anonymous> (D:\Projects\testtaskwebim\bin\www:1:73)
    at Module._compile (internal/modules/cjs/loader.js:689:30)
    at Object.Module._extensions..js (internal/modules/cjs/loader.js:700:10)
2019-06-24T13:05:38.691Z [D:\Projects\testtaskwebim\libs\mongoose.js] [31merror[39m: uncaughtException: Cannot find module './home'
Error: Cannot find module './home'
    at Function.Module._resolveFilename (internal/modules/cjs/loader.js:581:15)
    at Function.Module._load (internal/modules/cjs/loader.js:507:25)
    at Module.require (internal/modules/cjs/loader.js:637:17)
    at require (internal/modules/cjs/helpers.js:22:18)
    at module.exports (D:\Projects\testtaskwebim\routes\index.js:2:3)
    at Object.<anonymous> (D:\Projects\testtaskwebim\app.js:38:26)
    at Module._compile (internal/modules/cjs/loader.js:689:30)
    at Object.Module._extensions..js (internal/modules/cjs/loader.js:700:10)
    at Module.load (internal/modules/cjs/loader.js:599:32)
    at tryModuleLoad (internal/modules/cjs/loader.js:538:12)
    at Function.Module._load (internal/modules/cjs/loader.js:530:3)
    at Module.require (internal/modules/cjs/loader.js:637:17)
    at require (internal/modules/cjs/helpers.js:22:18)
    at Object.<anonymous> (D:\Projects\testtaskwebim\bin\www:1:73)
    at Module._compile (internal/modules/cjs/loader.js:689:30)
    at Object.Module._extensions..js (internal/modules/cjs/loader.js:700:10)
2019-06-24T13:13:24.458Z [D:\Projects\testtaskwebim\libs\mongoose.js] [31merror[39m: uncaughtException: Cannot find module './home'
Error: Cannot find module './home'
    at Function.Module._resolveFilename (internal/modules/cjs/loader.js:581:15)
    at Function.Module._load (internal/modules/cjs/loader.js:507:25)
    at Module.require (internal/modules/cjs/loader.js:637:17)
    at require (internal/modules/cjs/helpers.js:22:18)
    at module.exports (D:\Projects\testtaskwebim\routes\index.js:2:3)
    at Object.<anonymous> (D:\Projects\testtaskwebim\app.js:38:26)
    at Module._compile (internal/modules/cjs/loader.js:689:30)
    at Object.Module._extensions..js (internal/modules/cjs/loader.js:700:10)
    at Module.load (internal/modules/cjs/loader.js:599:32)
    at tryModuleLoad (internal/modules/cjs/loader.js:538:12)
    at Function.Module._load (internal/modules/cjs/loader.js:530:3)
    at Module.require (internal/modules/cjs/loader.js:637:17)
    at require (internal/modules/cjs/helpers.js:22:18)
    at Object.<anonymous> (D:\Projects\testtaskwebim\bin\www:1:73)
    at Module._compile (internal/modules/cjs/loader.js:689:30)
    at Object.Module._extensions..js (internal/modules/cjs/loader.js:700:10)
2019-06-24T13:14:18.704Z [D:\Projects\testtaskwebim\bin\www] [32minfo[39m: Server listening on port 3000
2019-06-24T13:14:20.013Z [D:\Projects\testtaskwebim\libs\mongoose.js] [32minfo[39m: MongoDB connected sucessfully
2019-06-24T13:15:31.844Z [D:\Projects\testtaskwebim\bin\www] [32minfo[39m: Server listening on port 3000
2019-06-24T13:15:32.994Z [D:\Projects\testtaskwebim\libs\mongoose.js] [32minfo[39m: MongoDB connected sucessfully
2019-06-24T13:15:44.669Z [D:\Projects\testtaskwebim\libs\mongoose.js] [31merror[39m: uncaughtException: Cannot find module './home'
Error: Cannot find module './home'
    at Function.Module._resolveFilename (internal/modules/cjs/loader.js:581:15)
    at Function.Module._load (internal/modules/cjs/loader.js:507:25)
    at Module.require (internal/modules/cjs/loader.js:637:17)
    at require (internal/modules/cjs/helpers.js:22:18)
    at module.exports (D:\Projects\testtaskwebim\routes\index.js:2:3)
    at Object.<anonymous> (D:\Projects\testtaskwebim\app.js:35:26)
    at Module._compile (internal/modules/cjs/loader.js:689:30)
    at Object.Module._extensions..js (internal/modules/cjs/loader.js:700:10)
    at Module.load (internal/modules/cjs/loader.js:599:32)
    at tryModuleLoad (internal/modules/cjs/loader.js:538:12)
    at Function.Module._load (internal/modules/cjs/loader.js:530:3)
    at Module.require (internal/modules/cjs/loader.js:637:17)
    at require (internal/modules/cjs/helpers.js:22:18)
    at Object.<anonymous> (D:\Projects\testtaskwebim\bin\www:1:73)
    at Module._compile (internal/modules/cjs/loader.js:689:30)
    at Object.Module._extensions..js (internal/modules/cjs/loader.js:700:10)
2019-06-24T13:16:07.379Z [D:\Projects\testtaskwebim\bin\www] [32minfo[39m: Server listening on port 3000
2019-06-24T13:16:08.858Z [D:\Projects\testtaskwebim\libs\mongoose.js] [32minfo[39m: MongoDB connected sucessfully
2019-06-24T13:54:05.679Z [D:\Projects\testtaskwebim\bin\www] [32minfo[39m: Server listening on port 3000
2019-06-24T13:54:07.960Z [D:\Projects\testtaskwebim\libs\mongoose.js] [32minfo[39m: MongoDB connected sucessfully
2019-06-24T18:50:16.652Z [D:\Projects\testtaskwebim\bin\www] [32minfo[39m: Server listening on port 3000
2019-06-24T18:50:17.853Z [D:\Projects\testtaskwebim\libs\mongoose.js] [32minfo[39m: MongoDB connected sucessfully
2019-06-24T19:27:59.941Z [D:\Projects\testtaskwebim\bin\www] [32minfo[39m: Server listening on port 3000
2019-06-24T19:28:01.198Z [D:\Projects\testtaskwebim\libs\mongoose.js] [32minfo[39m: MongoDB connected sucessfully
2019-06-24T19:40:29.369Z [D:\Projects\testtaskwebim\bin\www] [32minfo[39m: Server listening on port 3000
2019-06-24T19:40:30.968Z [D:\Projects\testtaskwebim\libs\mongoose.js] [32minfo[39m: MongoDB connected sucessfully
2019-06-24T19:42:07.379Z [D:\Projects\testtaskwebim\bin\www] [32minfo[39m: Server listening on port 3000
2019-06-24T19:42:08.839Z [D:\Projects\testtaskwebim\libs\mongoose.js] [32minfo[39m: MongoDB connected sucessfully
2019-06-24T19:45:54.183Z [D:\Projects\testtaskwebim\bin\www] [32minfo[39m: Server listening on port 3000
2019-06-24T19:45:55.343Z [D:\Projects\testtaskwebim\libs\mongoose.js] [32minfo[39m: MongoDB connected sucessfully
2019-06-24T20:05:04.584Z [D:\Projects\testtaskwebim\bin\www] [32minfo[39m: Server listening on port 3000
2019-06-24T20:05:05.758Z [D:\Projects\testtaskwebim\libs\mongoose.js] [32minfo[39m: MongoDB connected sucessfully
2019-06-24T20:05:51.828Z [D:\Projects\testtaskwebim\bin\www] [32minfo[39m: Server listening on port 3000
2019-06-24T20:05:53.139Z [D:\Projects\testtaskwebim\libs\mongoose.js] [32minfo[39m: MongoDB connected sucessfully
2019-06-24T20:06:25.244Z [D:\Projects\testtaskwebim\bin\www] [32minfo[39m: Server listening on port 3000
2019-06-24T20:06:26.215Z [D:\Projects\testtaskwebim\libs\mongoose.js] [32minfo[39m: MongoDB connected sucessfully
2019-06-24T20:07:31.468Z [D:\Projects\testtaskwebim\bin\www] [32minfo[39m: Server listening on port 3000
2019-06-24T20:07:32.854Z [D:\Projects\testtaskwebim\libs\mongoose.js] [32minfo[39m: MongoDB connected sucessfully
2019-06-24T20:14:52.537Z [D:\Projects\testtaskwebim\bin\www] [32minfo[39m: Server listening on port 3000
2019-06-24T20:14:53.978Z [D:\Projects\testtaskwebim\libs\mongoose.js] [32minfo[39m: MongoDB connected sucessfully
2019-06-24T20:22:03.761Z [D:\Projects\testtaskwebim\bin\www] [32minfo[39m: Server listening on port 3000
2019-06-24T20:22:04.922Z [D:\Projects\testtaskwebim\libs\mongoose.js] [32minfo[39m: MongoDB connected sucessfully
2019-06-24T21:17:01.283Z [D:\Projects\testtaskwebim\bin\www] [32minfo[39m: Server listening on port 3000
2019-06-24T21:17:03.160Z [D:\Projects\testtaskwebim\libs\mongoose.js] [32minfo[39m: MongoDB connected sucessfully
2019-06-24T21:22:01.980Z [D:\Projects\testtaskwebim\bin\www] [32minfo[39m: Server listening on port 3000
2019-06-24T21:22:03.175Z [D:\Projects\testtaskwebim\libs\mongoose.js] [32minfo[39m: MongoDB connected sucessfully
2019-06-24T21:22:33.783Z [D:\Projects\testtaskwebim\bin\www] [32minfo[39m: Server listening on port 3000
2019-06-24T21:22:35.488Z [D:\Projects\testtaskwebim\libs\mongoose.js] [32minfo[39m: MongoDB connected sucessfully
2019-06-24T21:29:54.308Z [D:\Projects\testtaskwebim\bin\www] [32minfo[39m: Server listening on port 3000
2019-06-24T21:29:55.529Z [D:\Projects\testtaskwebim\libs\mongoose.js] [32minfo[39m: MongoDB connected sucessfully
2019-06-24T21:38:51.429Z [D:\Projects\testtaskwebim\bin\www] [32minfo[39m: Server listening on port 3000
2019-06-24T21:38:53.867Z [D:\Projects\testtaskwebim\libs\mongoose.js] [32minfo[39m: MongoDB connected sucessfully
2019-06-24T21:39:23.966Z [D:\Projects\testtaskwebim\bin\www] [32minfo[39m: Server listening on port 3000
2019-06-24T21:39:24.968Z [D:\Projects\testtaskwebim\libs\mongoose.js] [32minfo[39m: MongoDB connected sucessfully
2019-06-24T22:03:39.417Z [D:\Projects\testtaskwebim\bin\www] [32minfo[39m: Server listening on port 3000
2019-06-24T22:03:40.776Z [D:\Projects\testtaskwebim\libs\mongoose.js] [32minfo[39m: MongoDB connected sucessfully
2019-06-24T22:07:45.348Z [D:\Projects\testtaskwebim\bin\www] [32minfo[39m: Server listening on port 3000
2019-06-24T22:07:46.519Z [D:\Projects\testtaskwebim\libs\mongoose.js] [32minfo[39m: MongoDB connected sucessfully
2019-06-24T23:50:00.875Z [D:\Projects\testtaskwebim\bin\www] [32minfo[39m: Server listening on port 3000
2019-06-24T23:50:02.121Z [D:\Projects\testtaskwebim\libs\mongoose.js] [32minfo[39m: MongoDB connected sucessfully
2019-06-24T23:53:23.776Z [D:\Projects\testtaskwebim\bin\www] [32minfo[39m: Server listening on port 3000
2019-06-24T23:53:24.772Z [D:\Projects\testtaskwebim\libs\mongoose.js] [32minfo[39m: MongoDB connected sucessfully
2019-06-24T23:57:46.656Z [D:\Projects\testtaskwebim\bin\www] [32minfo[39m: Server listening on port 3000
2019-06-24T23:57:47.664Z [D:\Projects\testtaskwebim\libs\mongoose.js] [32minfo[39m: MongoDB connected sucessfully
2019-06-25T00:02:49.879Z [D:\Projects\testtaskwebim\bin\www] [32minfo[39m: Server listening on port 3000
2019-06-25T00:02:50.926Z [D:\Projects\testtaskwebim\libs\mongoose.js] [32minfo[39m: MongoDB connected sucessfully
2019-06-25T04:50:19.680Z [D:\Projects\testtaskwebim\bin\www] [32minfo[39m: Server listening on port 3000
2019-06-25T04:50:20.675Z [D:\Projects\testtaskwebim\libs\mongoose.js] [32minfo[39m: MongoDB connected sucessfully
2019-06-25T06:41:51.824Z [D:\Projects\testtaskwebim\bin\www] [32minfo[39m: Server listening on port 3000
2019-06-25T06:41:52.824Z [D:\Projects\testtaskwebim\libs\mongoose.js] [32minfo[39m: MongoDB connected sucessfully
